2021-03-31 14:47:22.054  INFO 8779 --- [restartedMain] n.a.userservice.UserServiceApplication   : The following profiles are active: dev
2021-03-31 14:47:23.139  INFO 8779 --- [restartedMain] .s.d.r.c.RepositoryConfigurationDelegate : Bootstrapping Spring Data JPA repositories in DEFAULT mode.
2021-03-31 14:47:23.241  INFO 8779 --- [restartedMain] .s.d.r.c.RepositoryConfigurationDelegate : Finished Spring Data repository scanning in 94ms. Found 1 JPA repository interfaces.
2021-03-31 14:47:23.531  INFO 8779 --- [restartedMain] o.s.cloud.context.scope.GenericScope     : BeanFactory id=3ba882fb-44cd-3042-b4e9-34bd14cfd1f9
2021-03-31 14:47:23.668  INFO 8779 --- [restartedMain] trationDelegate$BeanPostProcessorChecker : Bean 'org.springframework.security.config.annotation.configuration.ObjectPostProcessorConfiguration' of type [org.springframework.security.config.annotation.configuration.ObjectPostProcessorConfiguration] is not eligible for getting processed by all BeanPostProcessors (for example: not eligible for auto-proxying)
2021-03-31 14:47:23.670  INFO 8779 --- [restartedMain] trationDelegate$BeanPostProcessorChecker : Bean 'objectPostProcessor' of type [org.springframework.security.config.annotation.configuration.AutowireBeanFactoryObjectPostProcessor] is not eligible for getting processed by all BeanPostProcessors (for example: not eligible for auto-proxying)
2021-03-31 14:47:23.673  INFO 8779 --- [restartedMain] trationDelegate$BeanPostProcessorChecker : Bean 'org.springframework.security.access.expression.method.DefaultMethodSecurityExpressionHandler@420b0878' of type [org.springframework.security.oauth2.provider.expression.OAuth2MethodSecurityExpressionHandler] is not eligible for getting processed by all BeanPostProcessors (for example: not eligible for auto-proxying)
2021-03-31 14:47:23.675  INFO 8779 --- [restartedMain] trationDelegate$BeanPostProcessorChecker : Bean 'org.springframework.security.config.annotation.method.configuration.GlobalMethodSecurityConfiguration' of type [org.springframework.security.config.annotation.method.configuration.GlobalMethodSecurityConfiguration] is not eligible for getting processed by all BeanPostProcessors (for example: not eligible for auto-proxying)
2021-03-31 14:47:23.678  INFO 8779 --- [restartedMain] trationDelegate$BeanPostProcessorChecker : Bean 'org.springframework.security.config.annotation.method.configuration.Jsr250MetadataSourceConfiguration' of type [org.springframework.security.config.annotation.method.configuration.Jsr250MetadataSourceConfiguration] is not eligible for getting processed by all BeanPostProcessors (for example: not eligible for auto-proxying)
2021-03-31 14:47:23.679  INFO 8779 --- [restartedMain] trationDelegate$BeanPostProcessorChecker : Bean 'jsr250MethodSecurityMetadataSource' of type [org.springframework.security.access.annotation.Jsr250MethodSecurityMetadataSource] is not eligible for getting processed by all BeanPostProcessors (for example: not eligible for auto-proxying)
2021-03-31 14:47:23.680  INFO 8779 --- [restartedMain] trationDelegate$BeanPostProcessorChecker : Bean 'methodSecurityMetadataSource' of type [org.springframework.security.access.method.DelegatingMethodSecurityMetadataSource] is not eligible for getting processed by all BeanPostProcessors (for example: not eligible for auto-proxying)
2021-03-31 14:47:24.138  INFO 8779 --- [restartedMain] o.s.b.w.embedded.tomcat.TomcatWebServer  : Tomcat initialized with port(s): 8081 (http)
2021-03-31 14:47:24.144  INFO 8779 --- [restartedMain] o.apache.catalina.core.StandardService   : Starting service [Tomcat]
2021-03-31 14:47:24.145  INFO 8779 --- [restartedMain] org.apache.catalina.core.StandardEngine  : Starting Servlet engine: [Apache Tomcat/9.0.31]
2021-03-31 14:47:24.225  INFO 8779 --- [restartedMain] o.a.c.c.C.[Tomcat].[localhost].[/]       : Initializing Spring embedded WebApplicationContext
2021-03-31 14:47:24.225  INFO 8779 --- [restartedMain] o.s.web.context.ContextLoader            : Root WebApplicationContext: initialization completed in 2138 ms
2021-03-31 14:47:24.629  WARN 8779 --- [restartedMain] JpaBaseConfiguration$JpaWebConfiguration : spring.jpa.open-in-view is enabled by default. Therefore, database queries may be performed during view rendering. Explicitly configure spring.jpa.open-in-view to disable this warning
2021-03-31 14:47:24.688  INFO 8779 --- [restartedMain] o.hibernate.jpa.internal.util.LogHelper  : HHH000204: Processing PersistenceUnitInfo [name: default]
2021-03-31 14:47:24.733  INFO 8779 --- [restartedMain] org.hibernate.Version                    : HHH000412: Hibernate ORM core version 5.4.12.Final
2021-03-31 14:47:24.820  INFO 8779 --- [restartedMain] o.hibernate.annotations.common.Version   : HCANN000001: Hibernate Commons Annotations {5.1.0.Final}
2021-03-31 14:47:24.892  INFO 8779 --- [restartedMain] com.zaxxer.hikari.HikariDataSource       : HikariPool-1 - Starting...
2021-03-31 14:47:25.164  INFO 8779 --- [restartedMain] com.zaxxer.hikari.HikariDataSource       : HikariPool-1 - Start completed.
2021-03-31 14:47:25.179  INFO 8779 --- [restartedMain] org.hibernate.dialect.Dialect            : HHH000400: Using dialect: org.hibernate.dialect.MySQL8Dialect
2021-03-31 14:47:25.881  INFO 8779 --- [restartedMain] o.h.e.t.j.p.i.JtaPlatformInitiator       : HHH000490: Using JtaPlatform implementation: [org.hibernate.engine.transaction.jta.platform.internal.NoJtaPlatform]
2021-03-31 14:47:25.889  INFO 8779 --- [restartedMain] j.LocalContainerEntityManagerFactoryBean : Initialized JPA EntityManagerFactory for persistence unit 'default'
2021-03-31 14:47:26.073  INFO 8779 --- [restartedMain] o.s.b.d.a.OptionalLiveReloadServer       : LiveReload server is running on port 35729
2021-03-31 14:47:26.521  INFO 8779 --- [restartedMain] o.s.s.web.DefaultSecurityFilterChain     : Creating filter chain: any request, [org.springframework.security.web.context.request.async.WebAsyncManagerIntegrationFilter@695cfefe, org.springframework.security.web.context.SecurityContextPersistenceFilter@38202081, org.springframework.security.web.header.HeaderWriterFilter@d483502, org.keycloak.adapters.springsecurity.filter.KeycloakPreAuthActionsFilter@5aa406e7, org.keycloak.adapters.springsecurity.filter.KeycloakAuthenticationProcessingFilter@71374269, org.springframework.security.web.authentication.logout.LogoutFilter@1c3b0792, org.springframework.security.web.savedrequest.RequestCacheAwareFilter@6f9a9550, org.springframework.security.web.servletapi.SecurityContextHolderAwareRequestFilter@75b310d2, org.keycloak.adapters.springsecurity.filter.KeycloakSecurityContextRequestFilter@60b4cd0a, org.keycloak.adapters.springsecurity.filter.KeycloakAuthenticatedActionsFilter@1a5d7cc5, org.springframework.security.web.authentication.AnonymousAuthenticationFilter@399b8f7e, org.springframework.security.web.session.SessionManagementFilter@12f1cb8b, org.springframework.security.web.access.ExceptionTranslationFilter@66ef6d1c, org.springframework.security.web.access.intercept.FilterSecurityInterceptor@2187c89f]
2021-03-31 14:47:26.707  INFO 8779 --- [restartedMain] o.s.s.concurrent.ThreadPoolTaskExecutor  : Initializing ExecutorService 'applicationTaskExecutor'
2021-03-31 14:47:27.032  INFO 8779 --- [restartedMain] o.s.b.a.e.web.EndpointLinksResolver      : Exposing 1 endpoint(s) beneath base path '/actuator'
2021-03-31 14:47:27.114  INFO 8779 --- [restartedMain] o.s.b.w.embedded.tomcat.TomcatWebServer  : Tomcat started on port(s): 8081 (http) with context path ''
2021-03-31 14:47:27.133  INFO 8779 --- [restartedMain] n.a.userservice.UserServiceApplication   : Started UserServiceApplication in 7.088 seconds (JVM running for 8.941)
2021-03-31 14:47:27.619  INFO 8779 --- [RMI TCP Connection(9)-127.0.0.1] o.a.c.c.C.[Tomcat].[localhost].[/]       : Initializing Spring DispatcherServlet 'dispatcherServlet'
2021-03-31 14:47:27.624  INFO 8779 --- [RMI TCP Connection(9)-127.0.0.1] o.s.web.servlet.DispatcherServlet        : Initializing Servlet 'dispatcherServlet'
2021-03-31 14:47:27.630  INFO 8779 --- [RMI TCP Connection(9)-127.0.0.1] o.s.web.servlet.DispatcherServlet        : Completed initialization in 6 ms
2021-03-31 14:47:28.247  INFO 8779 --- [RMI TCP Connection(7)-127.0.0.1] c.c.c.ConfigServicePropertySourceLocator : Fetching config from server at : http://localhost:8888
2021-03-31 14:47:28.281  INFO 8779 --- [RMI TCP Connection(7)-127.0.0.1] c.c.c.ConfigServicePropertySourceLocator : Located environment: name=userservice, profiles=[dev], label=null, version=f85b565559d6913431abf3d9c6a27c83d551fc91, state=null
2021-03-31 14:59:51.280  INFO 8779 --- [SpringContextShutdownHook] o.s.s.concurrent.ThreadPoolTaskExecutor  : Shutting down ExecutorService 'applicationTaskExecutor'
2021-03-31 14:59:51.282  INFO 8779 --- [SpringContextShutdownHook] j.LocalContainerEntityManagerFactoryBean : Closing JPA EntityManagerFactory for persistence unit 'default'
2021-03-31 14:59:51.284  INFO 8779 --- [SpringContextShutdownHook] com.zaxxer.hikari.HikariDataSource       : HikariPool-1 - Shutdown initiated...
2021-03-31 14:59:51.293  INFO 8779 --- [SpringContextShutdownHook] com.zaxxer.hikari.HikariDataSource       : HikariPool-1 - Shutdown completed.
