2021-02-26 19:52:21.056  INFO 59802 --- [main] n.a.s.ServerManagerApplication           : The following profiles are active: dev
2021-02-26 19:52:21.546  INFO 59802 --- [main] .s.d.r.c.RepositoryConfigurationDelegate : Bootstrapping Spring Data JPA repositories in DEFAULT mode.
2021-02-26 19:52:21.578  INFO 59802 --- [main] .s.d.r.c.RepositoryConfigurationDelegate : Finished Spring Data repository scanning in 27ms. Found 1 JPA repository interfaces.
2021-02-26 19:52:21.703  INFO 59802 --- [main] o.s.cloud.context.scope.GenericScope     : BeanFactory id=542e983f-d6aa-32b7-9266-a2d84f75f61a
2021-02-26 19:52:21.793  INFO 59802 --- [main] trationDelegate$BeanPostProcessorChecker : Bean 'org.springframework.security.config.annotation.configuration.ObjectPostProcessorConfiguration' of type [org.springframework.security.config.annotation.configuration.ObjectPostProcessorConfiguration] is not eligible for getting processed by all BeanPostProcessors (for example: not eligible for auto-proxying)
2021-02-26 19:52:21.795  INFO 59802 --- [main] trationDelegate$BeanPostProcessorChecker : Bean 'objectPostProcessor' of type [org.springframework.security.config.annotation.configuration.AutowireBeanFactoryObjectPostProcessor] is not eligible for getting processed by all BeanPostProcessors (for example: not eligible for auto-proxying)
2021-02-26 19:52:21.797  INFO 59802 --- [main] trationDelegate$BeanPostProcessorChecker : Bean 'org.springframework.security.access.expression.method.DefaultMethodSecurityExpressionHandler@6435fa1c' of type [org.springframework.security.access.expression.method.DefaultMethodSecurityExpressionHandler] is not eligible for getting processed by all BeanPostProcessors (for example: not eligible for auto-proxying)
2021-02-26 19:52:21.798  INFO 59802 --- [main] trationDelegate$BeanPostProcessorChecker : Bean 'org.springframework.security.config.annotation.method.configuration.GlobalMethodSecurityConfiguration' of type [org.springframework.security.config.annotation.method.configuration.GlobalMethodSecurityConfiguration] is not eligible for getting processed by all BeanPostProcessors (for example: not eligible for auto-proxying)
2021-02-26 19:52:21.801  INFO 59802 --- [main] trationDelegate$BeanPostProcessorChecker : Bean 'org.springframework.security.config.annotation.method.configuration.Jsr250MetadataSourceConfiguration' of type [org.springframework.security.config.annotation.method.configuration.Jsr250MetadataSourceConfiguration] is not eligible for getting processed by all BeanPostProcessors (for example: not eligible for auto-proxying)
2021-02-26 19:52:21.801  INFO 59802 --- [main] trationDelegate$BeanPostProcessorChecker : Bean 'jsr250MethodSecurityMetadataSource' of type [org.springframework.security.access.annotation.Jsr250MethodSecurityMetadataSource] is not eligible for getting processed by all BeanPostProcessors (for example: not eligible for auto-proxying)
2021-02-26 19:52:21.802  INFO 59802 --- [main] trationDelegate$BeanPostProcessorChecker : Bean 'methodSecurityMetadataSource' of type [org.springframework.security.access.method.DelegatingMethodSecurityMetadataSource] is not eligible for getting processed by all BeanPostProcessors (for example: not eligible for auto-proxying)
2021-02-26 19:52:21.974  INFO 59802 --- [main] o.s.b.w.embedded.tomcat.TomcatWebServer  : Tomcat initialized with port(s): 8082 (http)
2021-02-26 19:52:21.979  INFO 59802 --- [main] o.apache.catalina.core.StandardService   : Starting service [Tomcat]
2021-02-26 19:52:21.980  INFO 59802 --- [main] org.apache.catalina.core.StandardEngine  : Starting Servlet engine: [Apache Tomcat/9.0.31]
2021-02-26 19:52:22.039  INFO 59802 --- [main] o.a.c.c.C.[Tomcat].[localhost].[/]       : Initializing Spring embedded WebApplicationContext
2021-02-26 19:52:22.039  INFO 59802 --- [main] o.s.web.context.ContextLoader            : Root WebApplicationContext: initialization completed in 973 ms
2021-02-26 19:52:22.283  WARN 59802 --- [main] JpaBaseConfiguration$JpaWebConfiguration : spring.jpa.open-in-view is enabled by default. Therefore, database queries may be performed during view rendering. Explicitly configure spring.jpa.open-in-view to disable this warning
2021-02-26 19:52:22.334  INFO 59802 --- [main] o.hibernate.jpa.internal.util.LogHelper  : HHH000204: Processing PersistenceUnitInfo [name: default]
2021-02-26 19:52:22.381  INFO 59802 --- [main] org.hibernate.Version                    : HHH000412: Hibernate ORM core version 5.4.12.Final
2021-02-26 19:52:22.468  INFO 59802 --- [main] o.hibernate.annotations.common.Version   : HCANN000001: Hibernate Commons Annotations {5.1.0.Final}
2021-02-26 19:52:22.526  INFO 59802 --- [main] com.zaxxer.hikari.HikariDataSource       : HikariPool-1 - Starting...
2021-02-26 19:52:22.824  INFO 59802 --- [main] com.zaxxer.hikari.HikariDataSource       : HikariPool-1 - Start completed.
2021-02-26 19:52:22.835  INFO 59802 --- [main] org.hibernate.dialect.Dialect            : HHH000400: Using dialect: org.hibernate.dialect.MySQL8Dialect
2021-02-26 19:52:23.302  INFO 59802 --- [main] o.h.e.t.j.p.i.JtaPlatformInitiator       : HHH000490: Using JtaPlatform implementation: [org.hibernate.engine.transaction.jta.platform.internal.NoJtaPlatform]
2021-02-26 19:52:23.306  INFO 59802 --- [main] j.LocalContainerEntityManagerFactoryBean : Initialized JPA EntityManagerFactory for persistence unit 'default'
2021-02-26 19:52:23.679  INFO 59802 --- [main] o.s.s.web.DefaultSecurityFilterChain     : Creating filter chain: any request, [org.springframework.security.web.context.request.async.WebAsyncManagerIntegrationFilter@a70daf4, org.springframework.security.web.context.SecurityContextPersistenceFilter@5e085259, org.springframework.security.web.header.HeaderWriterFilter@1c15a6aa, org.keycloak.adapters.springsecurity.filter.KeycloakPreAuthActionsFilter@1d7af82, org.keycloak.adapters.springsecurity.filter.KeycloakAuthenticationProcessingFilter@6127ef86, org.springframework.security.web.authentication.logout.LogoutFilter@2604940, org.springframework.security.web.savedrequest.RequestCacheAwareFilter@2e096ac0, org.springframework.security.web.servletapi.SecurityContextHolderAwareRequestFilter@229c4d34, org.keycloak.adapters.springsecurity.filter.KeycloakSecurityContextRequestFilter@42fd8f2f, org.keycloak.adapters.springsecurity.filter.KeycloakAuthenticatedActionsFilter@7eea934d, org.springframework.security.web.authentication.AnonymousAuthenticationFilter@6344004d, org.springframework.security.web.session.SessionManagementFilter@61c4fc34, org.springframework.security.web.access.ExceptionTranslationFilter@58189132, org.springframework.security.web.access.intercept.FilterSecurityInterceptor@22bca04e]
2021-02-26 19:52:23.738  INFO 59802 --- [main] o.s.s.concurrent.ThreadPoolTaskExecutor  : Initializing ExecutorService 'applicationTaskExecutor'
2021-02-26 19:52:23.979  INFO 59802 --- [main] o.s.b.a.e.web.EndpointLinksResolver      : Exposing 2 endpoint(s) beneath base path '/actuator'
2021-02-26 19:52:24.058  INFO 59802 --- [main] o.s.b.w.embedded.tomcat.TomcatWebServer  : Tomcat started on port(s): 8082 (http) with context path ''
2021-02-26 19:52:24.099  INFO 59802 --- [main] n.a.s.ServerManagerApplication           : Started ServerManagerApplication in 4.35 seconds (JVM running for 4.824)
2021-02-26 19:52:24.503  INFO 59802 --- [RMI TCP Connection(2)-127.0.0.1] o.a.c.c.C.[Tomcat].[localhost].[/]       : Initializing Spring DispatcherServlet 'dispatcherServlet'
2021-02-26 19:52:24.504  INFO 59802 --- [RMI TCP Connection(2)-127.0.0.1] o.s.web.servlet.DispatcherServlet        : Initializing Servlet 'dispatcherServlet'
2021-02-26 19:52:24.518  INFO 59802 --- [RMI TCP Connection(2)-127.0.0.1] o.s.web.servlet.DispatcherServlet        : Completed initialization in 13 ms
2021-02-26 19:52:24.530  INFO 59802 --- [RMI TCP Connection(1)-127.0.0.1] c.c.c.ConfigServicePropertySourceLocator : Fetching config from server at : http://localhost:8888
2021-02-26 19:52:24.570  INFO 59802 --- [RMI TCP Connection(1)-127.0.0.1] c.c.c.ConfigServicePropertySourceLocator : Located environment: name=servermanager, profiles=[dev], label=null, version=95191c07f94f8f40f2331ce19b461757aea4c828, state=null
2021-02-26 20:00:54.693  INFO 59802 --- [http-nio-8082-exec-7] o.keycloak.adapters.KeycloakDeployment   : Loaded URLs from http://localhost:8080/auth/realms/AutoPackerRealm/.well-known/openid-configuration
2021-02-26 20:00:54.808 ERROR 59802 --- [http-nio-8082-exec-7] o.k.a.rotation.AdapterTokenVerifier      : Didn't find publicKey for kid: ce7b796e-4e13-4877-9935-787514765e2e
2021-02-26 20:00:54.811 ERROR 59802 --- [http-nio-8082-exec-7] o.k.a.rotation.AdapterTokenVerifier      : Didn't find publicKey for kid: ce7b796e-4e13-4877-9935-787514765e2e
2021-02-26 20:01:07.343 ERROR 59802 --- [http-nio-8082-exec-8] o.k.a.rotation.AdapterTokenVerifier      : Didn't find publicKey for kid: ce7b796e-4e13-4877-9935-787514765e2e
2021-02-26 20:01:07.344 ERROR 59802 --- [http-nio-8082-exec-8] o.k.a.rotation.AdapterTokenVerifier      : Didn't find publicKey for kid: ce7b796e-4e13-4877-9935-787514765e2e
2021-02-26 20:01:12.706 ERROR 59802 --- [http-nio-8082-exec-9] o.k.a.rotation.AdapterTokenVerifier      : Didn't find publicKey for kid: ce7b796e-4e13-4877-9935-787514765e2e
2021-02-26 20:01:12.707 ERROR 59802 --- [http-nio-8082-exec-9] o.k.a.rotation.AdapterTokenVerifier      : Didn't find publicKey for kid: ce7b796e-4e13-4877-9935-787514765e2e
2021-02-26 20:11:42.532  INFO 59802 --- [SpringContextShutdownHook] o.s.s.concurrent.ThreadPoolTaskExecutor  : Shutting down ExecutorService 'applicationTaskExecutor'
2021-02-26 20:11:42.534  INFO 59802 --- [SpringContextShutdownHook] j.LocalContainerEntityManagerFactoryBean : Closing JPA EntityManagerFactory for persistence unit 'default'
2021-02-26 20:11:42.536  INFO 59802 --- [SpringContextShutdownHook] com.zaxxer.hikari.HikariDataSource       : HikariPool-1 - Shutdown initiated...
2021-02-26 20:11:42.548  INFO 59802 --- [SpringContextShutdownHook] com.zaxxer.hikari.HikariDataSource       : HikariPool-1 - Shutdown completed.
2021-02-26 20:11:46.891  INFO 63421 --- [main] n.a.s.ServerManagerApplication           : The following profiles are active: dev
2021-02-26 20:11:47.369  INFO 63421 --- [main] .s.d.r.c.RepositoryConfigurationDelegate : Bootstrapping Spring Data JPA repositories in DEFAULT mode.
2021-02-26 20:11:47.403  INFO 63421 --- [main] .s.d.r.c.RepositoryConfigurationDelegate : Finished Spring Data repository scanning in 29ms. Found 1 JPA repository interfaces.
2021-02-26 20:11:47.568  INFO 63421 --- [main] o.s.cloud.context.scope.GenericScope     : BeanFactory id=ec7c3975-b20a-36d5-b364-eed62bb6e4ae
2021-02-26 20:11:47.660  INFO 63421 --- [main] trationDelegate$BeanPostProcessorChecker : Bean 'org.springframework.security.config.annotation.configuration.ObjectPostProcessorConfiguration' of type [org.springframework.security.config.annotation.configuration.ObjectPostProcessorConfiguration] is not eligible for getting processed by all BeanPostProcessors (for example: not eligible for auto-proxying)
2021-02-26 20:11:47.663  INFO 63421 --- [main] trationDelegate$BeanPostProcessorChecker : Bean 'objectPostProcessor' of type [org.springframework.security.config.annotation.configuration.AutowireBeanFactoryObjectPostProcessor] is not eligible for getting processed by all BeanPostProcessors (for example: not eligible for auto-proxying)
2021-02-26 20:11:47.664  INFO 63421 --- [main] trationDelegate$BeanPostProcessorChecker : Bean 'org.springframework.security.access.expression.method.DefaultMethodSecurityExpressionHandler@423a0e1d' of type [org.springframework.security.access.expression.method.DefaultMethodSecurityExpressionHandler] is not eligible for getting processed by all BeanPostProcessors (for example: not eligible for auto-proxying)
2021-02-26 20:11:47.666  INFO 63421 --- [main] trationDelegate$BeanPostProcessorChecker : Bean 'org.springframework.security.config.annotation.method.configuration.GlobalMethodSecurityConfiguration' of type [org.springframework.security.config.annotation.method.configuration.GlobalMethodSecurityConfiguration] is not eligible for getting processed by all BeanPostProcessors (for example: not eligible for auto-proxying)
2021-02-26 20:11:47.668  INFO 63421 --- [main] trationDelegate$BeanPostProcessorChecker : Bean 'org.springframework.security.config.annotation.method.configuration.Jsr250MetadataSourceConfiguration' of type [org.springframework.security.config.annotation.method.configuration.Jsr250MetadataSourceConfiguration] is not eligible for getting processed by all BeanPostProcessors (for example: not eligible for auto-proxying)
2021-02-26 20:11:47.669  INFO 63421 --- [main] trationDelegate$BeanPostProcessorChecker : Bean 'jsr250MethodSecurityMetadataSource' of type [org.springframework.security.access.annotation.Jsr250MethodSecurityMetadataSource] is not eligible for getting processed by all BeanPostProcessors (for example: not eligible for auto-proxying)
2021-02-26 20:11:47.670  INFO 63421 --- [main] trationDelegate$BeanPostProcessorChecker : Bean 'methodSecurityMetadataSource' of type [org.springframework.security.access.method.DelegatingMethodSecurityMetadataSource] is not eligible for getting processed by all BeanPostProcessors (for example: not eligible for auto-proxying)
2021-02-26 20:11:47.845  INFO 63421 --- [main] o.s.b.w.embedded.tomcat.TomcatWebServer  : Tomcat initialized with port(s): 8082 (http)
2021-02-26 20:11:47.850  INFO 63421 --- [main] o.apache.catalina.core.StandardService   : Starting service [Tomcat]
2021-02-26 20:11:47.850  INFO 63421 --- [main] org.apache.catalina.core.StandardEngine  : Starting Servlet engine: [Apache Tomcat/9.0.31]
2021-02-26 20:11:47.905  INFO 63421 --- [main] o.a.c.c.C.[Tomcat].[localhost].[/]       : Initializing Spring embedded WebApplicationContext
2021-02-26 20:11:47.905  INFO 63421 --- [main] o.s.web.context.ContextLoader            : Root WebApplicationContext: initialization completed in 1006 ms
2021-02-26 20:11:48.141  WARN 63421 --- [main] JpaBaseConfiguration$JpaWebConfiguration : spring.jpa.open-in-view is enabled by default. Therefore, database queries may be performed during view rendering. Explicitly configure spring.jpa.open-in-view to disable this warning
2021-02-26 20:11:48.183  INFO 63421 --- [main] o.hibernate.jpa.internal.util.LogHelper  : HHH000204: Processing PersistenceUnitInfo [name: default]
2021-02-26 20:11:48.217  INFO 63421 --- [main] org.hibernate.Version                    : HHH000412: Hibernate ORM core version 5.4.12.Final
2021-02-26 20:11:48.283  INFO 63421 --- [main] o.hibernate.annotations.common.Version   : HCANN000001: Hibernate Commons Annotations {5.1.0.Final}
2021-02-26 20:11:48.333  INFO 63421 --- [main] com.zaxxer.hikari.HikariDataSource       : HikariPool-1 - Starting...
2021-02-26 20:11:48.593  INFO 63421 --- [main] com.zaxxer.hikari.HikariDataSource       : HikariPool-1 - Start completed.
2021-02-26 20:11:48.603  INFO 63421 --- [main] org.hibernate.dialect.Dialect            : HHH000400: Using dialect: org.hibernate.dialect.MySQL8Dialect
2021-02-26 20:11:49.009  INFO 63421 --- [main] o.h.e.t.j.p.i.JtaPlatformInitiator       : HHH000490: Using JtaPlatform implementation: [org.hibernate.engine.transaction.jta.platform.internal.NoJtaPlatform]
2021-02-26 20:11:49.014  INFO 63421 --- [main] j.LocalContainerEntityManagerFactoryBean : Initialized JPA EntityManagerFactory for persistence unit 'default'
2021-02-26 20:11:49.447  INFO 63421 --- [main] o.s.s.web.DefaultSecurityFilterChain     : Creating filter chain: any request, [org.springframework.security.web.context.request.async.WebAsyncManagerIntegrationFilter@291522f1, org.springframework.security.web.context.SecurityContextPersistenceFilter@470866d1, org.springframework.security.web.header.HeaderWriterFilter@6f30d0eb, org.keycloak.adapters.springsecurity.filter.KeycloakPreAuthActionsFilter@229d508c, org.keycloak.adapters.springsecurity.filter.KeycloakAuthenticationProcessingFilter@4b8cde43, org.springframework.security.web.authentication.logout.LogoutFilter@3e265811, org.springframework.security.web.savedrequest.RequestCacheAwareFilter@118c1faa, org.springframework.security.web.servletapi.SecurityContextHolderAwareRequestFilter@19d3f4fb, org.keycloak.adapters.springsecurity.filter.KeycloakSecurityContextRequestFilter@7cadf3ca, org.keycloak.adapters.springsecurity.filter.KeycloakAuthenticatedActionsFilter@34fcc5e3, org.springframework.security.web.authentication.AnonymousAuthenticationFilter@85eba52, org.springframework.security.web.session.SessionManagementFilter@2604940, org.springframework.security.web.access.ExceptionTranslationFilter@3fe3ebb3, org.springframework.security.web.access.intercept.FilterSecurityInterceptor@4936fbc6]
2021-02-26 20:11:49.525  INFO 63421 --- [main] o.s.s.concurrent.ThreadPoolTaskExecutor  : Initializing ExecutorService 'applicationTaskExecutor'
2021-02-26 20:11:49.773  INFO 63421 --- [main] o.s.b.a.e.web.EndpointLinksResolver      : Exposing 1 endpoint(s) beneath base path '/actuator'
2021-02-26 20:11:49.859  INFO 63421 --- [main] o.s.b.w.embedded.tomcat.TomcatWebServer  : Tomcat started on port(s): 8082 (http) with context path ''
2021-02-26 20:11:49.883  INFO 63421 --- [main] n.a.s.ServerManagerApplication           : Started ServerManagerApplication in 4.005 seconds (JVM running for 4.49)
2021-02-26 20:11:50.092  INFO 63421 --- [RMI TCP Connection(2)-127.0.0.1] o.a.c.c.C.[Tomcat].[localhost].[/]       : Initializing Spring DispatcherServlet 'dispatcherServlet'
2021-02-26 20:11:50.092  INFO 63421 --- [RMI TCP Connection(2)-127.0.0.1] o.s.web.servlet.DispatcherServlet        : Initializing Servlet 'dispatcherServlet'
2021-02-26 20:11:50.098  INFO 63421 --- [RMI TCP Connection(2)-127.0.0.1] o.s.web.servlet.DispatcherServlet        : Completed initialization in 6 ms
2021-02-26 20:11:50.102  INFO 63421 --- [RMI TCP Connection(1)-127.0.0.1] c.c.c.ConfigServicePropertySourceLocator : Fetching config from server at : http://localhost:8888
2021-02-26 20:11:50.138  INFO 63421 --- [RMI TCP Connection(1)-127.0.0.1] c.c.c.ConfigServicePropertySourceLocator : Located environment: name=servermanager, profiles=[dev], label=null, version=95191c07f94f8f40f2331ce19b461757aea4c828, state=null
2021-02-26 20:15:33.226  INFO 63421 --- [SpringContextShutdownHook] o.s.s.concurrent.ThreadPoolTaskExecutor  : Shutting down ExecutorService 'applicationTaskExecutor'
2021-02-26 20:15:33.227  INFO 63421 --- [SpringContextShutdownHook] j.LocalContainerEntityManagerFactoryBean : Closing JPA EntityManagerFactory for persistence unit 'default'
2021-02-26 20:15:33.229  INFO 63421 --- [SpringContextShutdownHook] com.zaxxer.hikari.HikariDataSource       : HikariPool-1 - Shutdown initiated...
2021-02-26 20:15:33.238  INFO 63421 --- [SpringContextShutdownHook] com.zaxxer.hikari.HikariDataSource       : HikariPool-1 - Shutdown completed.
2021-02-26 20:15:37.451  INFO 64201 --- [main] n.a.s.ServerManagerApplication           : The following profiles are active: dev
2021-02-26 20:15:37.935  INFO 64201 --- [main] .s.d.r.c.RepositoryConfigurationDelegate : Bootstrapping Spring Data JPA repositories in DEFAULT mode.
2021-02-26 20:15:37.972  INFO 64201 --- [main] .s.d.r.c.RepositoryConfigurationDelegate : Finished Spring Data repository scanning in 31ms. Found 1 JPA repository interfaces.
2021-02-26 20:15:38.108  INFO 64201 --- [main] o.s.cloud.context.scope.GenericScope     : BeanFactory id=ec7c3975-b20a-36d5-b364-eed62bb6e4ae
2021-02-26 20:15:38.202  INFO 64201 --- [main] trationDelegate$BeanPostProcessorChecker : Bean 'org.springframework.security.config.annotation.configuration.ObjectPostProcessorConfiguration' of type [org.springframework.security.config.annotation.configuration.ObjectPostProcessorConfiguration] is not eligible for getting processed by all BeanPostProcessors (for example: not eligible for auto-proxying)
2021-02-26 20:15:38.204  INFO 64201 --- [main] trationDelegate$BeanPostProcessorChecker : Bean 'objectPostProcessor' of type [org.springframework.security.config.annotation.configuration.AutowireBeanFactoryObjectPostProcessor] is not eligible for getting processed by all BeanPostProcessors (for example: not eligible for auto-proxying)
2021-02-26 20:15:38.205  INFO 64201 --- [main] trationDelegate$BeanPostProcessorChecker : Bean 'org.springframework.security.access.expression.method.DefaultMethodSecurityExpressionHandler@4da1f38a' of type [org.springframework.security.access.expression.method.DefaultMethodSecurityExpressionHandler] is not eligible for getting processed by all BeanPostProcessors (for example: not eligible for auto-proxying)
2021-02-26 20:15:38.208  INFO 64201 --- [main] trationDelegate$BeanPostProcessorChecker : Bean 'org.springframework.security.config.annotation.method.configuration.GlobalMethodSecurityConfiguration' of type [org.springframework.security.config.annotation.method.configuration.GlobalMethodSecurityConfiguration] is not eligible for getting processed by all BeanPostProcessors (for example: not eligible for auto-proxying)
2021-02-26 20:15:38.211  INFO 64201 --- [main] trationDelegate$BeanPostProcessorChecker : Bean 'org.springframework.security.config.annotation.method.configuration.Jsr250MetadataSourceConfiguration' of type [org.springframework.security.config.annotation.method.configuration.Jsr250MetadataSourceConfiguration] is not eligible for getting processed by all BeanPostProcessors (for example: not eligible for auto-proxying)
2021-02-26 20:15:38.212  INFO 64201 --- [main] trationDelegate$BeanPostProcessorChecker : Bean 'jsr250MethodSecurityMetadataSource' of type [org.springframework.security.access.annotation.Jsr250MethodSecurityMetadataSource] is not eligible for getting processed by all BeanPostProcessors (for example: not eligible for auto-proxying)
2021-02-26 20:15:38.213  INFO 64201 --- [main] trationDelegate$BeanPostProcessorChecker : Bean 'methodSecurityMetadataSource' of type [org.springframework.security.access.method.DelegatingMethodSecurityMetadataSource] is not eligible for getting processed by all BeanPostProcessors (for example: not eligible for auto-proxying)
2021-02-26 20:15:38.389  INFO 64201 --- [main] o.s.b.w.embedded.tomcat.TomcatWebServer  : Tomcat initialized with port(s): 8082 (http)
2021-02-26 20:15:38.394  INFO 64201 --- [main] o.apache.catalina.core.StandardService   : Starting service [Tomcat]
2021-02-26 20:15:38.395  INFO 64201 --- [main] org.apache.catalina.core.StandardEngine  : Starting Servlet engine: [Apache Tomcat/9.0.31]
2021-02-26 20:15:38.452  INFO 64201 --- [main] o.a.c.c.C.[Tomcat].[localhost].[/]       : Initializing Spring embedded WebApplicationContext
2021-02-26 20:15:38.452  INFO 64201 --- [main] o.s.web.context.ContextLoader            : Root WebApplicationContext: initialization completed in 992 ms
2021-02-26 20:15:38.692  WARN 64201 --- [main] JpaBaseConfiguration$JpaWebConfiguration : spring.jpa.open-in-view is enabled by default. Therefore, database queries may be performed during view rendering. Explicitly configure spring.jpa.open-in-view to disable this warning
2021-02-26 20:15:38.732  INFO 64201 --- [main] o.hibernate.jpa.internal.util.LogHelper  : HHH000204: Processing PersistenceUnitInfo [name: default]
2021-02-26 20:15:38.768  INFO 64201 --- [main] org.hibernate.Version                    : HHH000412: Hibernate ORM core version 5.4.12.Final
2021-02-26 20:15:38.828  INFO 64201 --- [main] o.hibernate.annotations.common.Version   : HCANN000001: Hibernate Commons Annotations {5.1.0.Final}
2021-02-26 20:15:38.886  INFO 64201 --- [main] com.zaxxer.hikari.HikariDataSource       : HikariPool-1 - Starting...
2021-02-26 20:15:39.118  INFO 64201 --- [main] com.zaxxer.hikari.HikariDataSource       : HikariPool-1 - Start completed.
2021-02-26 20:15:39.128  INFO 64201 --- [main] org.hibernate.dialect.Dialect            : HHH000400: Using dialect: org.hibernate.dialect.MySQL8Dialect
2021-02-26 20:15:39.575  INFO 64201 --- [main] o.h.e.t.j.p.i.JtaPlatformInitiator       : HHH000490: Using JtaPlatform implementation: [org.hibernate.engine.transaction.jta.platform.internal.NoJtaPlatform]
2021-02-26 20:15:39.579  INFO 64201 --- [main] j.LocalContainerEntityManagerFactoryBean : Initialized JPA EntityManagerFactory for persistence unit 'default'
2021-02-26 20:15:39.976  INFO 64201 --- [main] o.s.s.web.DefaultSecurityFilterChain     : Creating filter chain: any request, [org.springframework.security.web.context.request.async.WebAsyncManagerIntegrationFilter@c8ed958, org.springframework.security.web.context.SecurityContextPersistenceFilter@55a07f97, org.springframework.security.web.header.HeaderWriterFilter@62c1259f, org.keycloak.adapters.springsecurity.filter.KeycloakPreAuthActionsFilter@5b31a9e3, org.keycloak.adapters.springsecurity.filter.KeycloakAuthenticationProcessingFilter@3bbdf835, org.springframework.security.web.authentication.logout.LogoutFilter@4b5ceb5d, org.springframework.security.web.savedrequest.RequestCacheAwareFilter@748fa354, org.springframework.security.web.servletapi.SecurityContextHolderAwareRequestFilter@70ab1ce0, org.keycloak.adapters.springsecurity.filter.KeycloakSecurityContextRequestFilter@1e160a9e, org.keycloak.adapters.springsecurity.filter.KeycloakAuthenticatedActionsFilter@483ed60e, org.springframework.security.web.authentication.AnonymousAuthenticationFilter@18d09283, org.springframework.security.web.session.SessionManagementFilter@74267ece, org.springframework.security.web.access.ExceptionTranslationFilter@5cb32140, org.springframework.security.web.access.intercept.FilterSecurityInterceptor@1659d7d]
2021-02-26 20:15:40.041  INFO 64201 --- [main] o.s.s.concurrent.ThreadPoolTaskExecutor  : Initializing ExecutorService 'applicationTaskExecutor'
2021-02-26 20:15:40.289  INFO 64201 --- [main] o.s.b.a.e.web.EndpointLinksResolver      : Exposing 1 endpoint(s) beneath base path '/actuator'
2021-02-26 20:15:40.374  INFO 64201 --- [main] o.s.b.w.embedded.tomcat.TomcatWebServer  : Tomcat started on port(s): 8082 (http) with context path ''
2021-02-26 20:15:40.392  INFO 64201 --- [main] n.a.s.ServerManagerApplication           : Started ServerManagerApplication in 3.953 seconds (JVM running for 4.408)
2021-02-26 20:15:40.803  INFO 64201 --- [RMI TCP Connection(3)-127.0.0.1] o.a.c.c.C.[Tomcat].[localhost].[/]       : Initializing Spring DispatcherServlet 'dispatcherServlet'
2021-02-26 20:15:40.804  INFO 64201 --- [RMI TCP Connection(3)-127.0.0.1] o.s.web.servlet.DispatcherServlet        : Initializing Servlet 'dispatcherServlet'
2021-02-26 20:15:40.809  INFO 64201 --- [RMI TCP Connection(3)-127.0.0.1] o.s.web.servlet.DispatcherServlet        : Completed initialization in 4 ms
2021-02-26 20:15:40.813  INFO 64201 --- [RMI TCP Connection(2)-127.0.0.1] c.c.c.ConfigServicePropertySourceLocator : Fetching config from server at : http://localhost:8888
2021-02-26 20:15:40.849  INFO 64201 --- [RMI TCP Connection(2)-127.0.0.1] c.c.c.ConfigServicePropertySourceLocator : Located environment: name=servermanager, profiles=[dev], label=null, version=95191c07f94f8f40f2331ce19b461757aea4c828, state=null
2021-02-26 20:17:15.224  INFO 64201 --- [SpringContextShutdownHook] o.s.s.concurrent.ThreadPoolTaskExecutor  : Shutting down ExecutorService 'applicationTaskExecutor'
2021-02-26 20:17:15.229  INFO 64201 --- [SpringContextShutdownHook] j.LocalContainerEntityManagerFactoryBean : Closing JPA EntityManagerFactory for persistence unit 'default'
2021-02-26 20:17:15.231  INFO 64201 --- [SpringContextShutdownHook] com.zaxxer.hikari.HikariDataSource       : HikariPool-1 - Shutdown initiated...
2021-02-26 20:17:15.237  INFO 64201 --- [SpringContextShutdownHook] com.zaxxer.hikari.HikariDataSource       : HikariPool-1 - Shutdown completed.
2021-02-26 20:17:19.254  INFO 64622 --- [main] n.a.s.ServerManagerApplication           : The following profiles are active: dev
2021-02-26 20:17:19.766  INFO 64622 --- [main] .s.d.r.c.RepositoryConfigurationDelegate : Bootstrapping Spring Data JPA repositories in DEFAULT mode.
2021-02-26 20:17:19.807  INFO 64622 --- [main] .s.d.r.c.RepositoryConfigurationDelegate : Finished Spring Data repository scanning in 36ms. Found 1 JPA repository interfaces.
2021-02-26 20:17:19.945  INFO 64622 --- [main] o.s.cloud.context.scope.GenericScope     : BeanFactory id=ec7c3975-b20a-36d5-b364-eed62bb6e4ae
2021-02-26 20:17:20.048  INFO 64622 --- [main] trationDelegate$BeanPostProcessorChecker : Bean 'org.springframework.security.config.annotation.configuration.ObjectPostProcessorConfiguration' of type [org.springframework.security.config.annotation.configuration.ObjectPostProcessorConfiguration] is not eligible for getting processed by all BeanPostProcessors (for example: not eligible for auto-proxying)
2021-02-26 20:17:20.051  INFO 64622 --- [main] trationDelegate$BeanPostProcessorChecker : Bean 'objectPostProcessor' of type [org.springframework.security.config.annotation.configuration.AutowireBeanFactoryObjectPostProcessor] is not eligible for getting processed by all BeanPostProcessors (for example: not eligible for auto-proxying)
2021-02-26 20:17:20.052  INFO 64622 --- [main] trationDelegate$BeanPostProcessorChecker : Bean 'org.springframework.security.access.expression.method.DefaultMethodSecurityExpressionHandler@2a8a3ada' of type [org.springframework.security.access.expression.method.DefaultMethodSecurityExpressionHandler] is not eligible for getting processed by all BeanPostProcessors (for example: not eligible for auto-proxying)
2021-02-26 20:17:20.054  INFO 64622 --- [main] trationDelegate$BeanPostProcessorChecker : Bean 'org.springframework.security.config.annotation.method.configuration.GlobalMethodSecurityConfiguration' of type [org.springframework.security.config.annotation.method.configuration.GlobalMethodSecurityConfiguration] is not eligible for getting processed by all BeanPostProcessors (for example: not eligible for auto-proxying)
2021-02-26 20:17:20.056  INFO 64622 --- [main] trationDelegate$BeanPostProcessorChecker : Bean 'org.springframework.security.config.annotation.method.configuration.Jsr250MetadataSourceConfiguration' of type [org.springframework.security.config.annotation.method.configuration.Jsr250MetadataSourceConfiguration] is not eligible for getting processed by all BeanPostProcessors (for example: not eligible for auto-proxying)
2021-02-26 20:17:20.057  INFO 64622 --- [main] trationDelegate$BeanPostProcessorChecker : Bean 'jsr250MethodSecurityMetadataSource' of type [org.springframework.security.access.annotation.Jsr250MethodSecurityMetadataSource] is not eligible for getting processed by all BeanPostProcessors (for example: not eligible for auto-proxying)
2021-02-26 20:17:20.058  INFO 64622 --- [main] trationDelegate$BeanPostProcessorChecker : Bean 'methodSecurityMetadataSource' of type [org.springframework.security.access.method.DelegatingMethodSecurityMetadataSource] is not eligible for getting processed by all BeanPostProcessors (for example: not eligible for auto-proxying)
2021-02-26 20:17:20.234  INFO 64622 --- [main] o.s.b.w.embedded.tomcat.TomcatWebServer  : Tomcat initialized with port(s): 8082 (http)
2021-02-26 20:17:20.239  INFO 64622 --- [main] o.apache.catalina.core.StandardService   : Starting service [Tomcat]
2021-02-26 20:17:20.239  INFO 64622 --- [main] org.apache.catalina.core.StandardEngine  : Starting Servlet engine: [Apache Tomcat/9.0.31]
2021-02-26 20:17:20.296  INFO 64622 --- [main] o.a.c.c.C.[Tomcat].[localhost].[/]       : Initializing Spring embedded WebApplicationContext
2021-02-26 20:17:20.297  INFO 64622 --- [main] o.s.web.context.ContextLoader            : Root WebApplicationContext: initialization completed in 1032 ms
2021-02-26 20:17:20.544  WARN 64622 --- [main] JpaBaseConfiguration$JpaWebConfiguration : spring.jpa.open-in-view is enabled by default. Therefore, database queries may be performed during view rendering. Explicitly configure spring.jpa.open-in-view to disable this warning
2021-02-26 20:17:20.584  INFO 64622 --- [main] o.hibernate.jpa.internal.util.LogHelper  : HHH000204: Processing PersistenceUnitInfo [name: default]
2021-02-26 20:17:20.618  INFO 64622 --- [main] org.hibernate.Version                    : HHH000412: Hibernate ORM core version 5.4.12.Final
2021-02-26 20:17:20.674  INFO 64622 --- [main] o.hibernate.annotations.common.Version   : HCANN000001: Hibernate Commons Annotations {5.1.0.Final}
2021-02-26 20:17:20.722  INFO 64622 --- [main] com.zaxxer.hikari.HikariDataSource       : HikariPool-1 - Starting...
2021-02-26 20:17:20.957  INFO 64622 --- [main] com.zaxxer.hikari.HikariDataSource       : HikariPool-1 - Start completed.
2021-02-26 20:17:20.966  INFO 64622 --- [main] org.hibernate.dialect.Dialect            : HHH000400: Using dialect: org.hibernate.dialect.MySQL8Dialect
2021-02-26 20:17:21.388  INFO 64622 --- [main] o.h.e.t.j.p.i.JtaPlatformInitiator       : HHH000490: Using JtaPlatform implementation: [org.hibernate.engine.transaction.jta.platform.internal.NoJtaPlatform]
2021-02-26 20:17:21.392  INFO 64622 --- [main] j.LocalContainerEntityManagerFactoryBean : Initialized JPA EntityManagerFactory for persistence unit 'default'
2021-02-26 20:17:21.769  INFO 64622 --- [main] o.s.s.web.DefaultSecurityFilterChain     : Creating filter chain: any request, [org.springframework.security.web.context.request.async.WebAsyncManagerIntegrationFilter@2165d4ab, org.springframework.security.web.context.SecurityContextPersistenceFilter@3fb42ec7, org.springframework.security.web.header.HeaderWriterFilter@4bc39640, org.keycloak.adapters.springsecurity.filter.KeycloakPreAuthActionsFilter@59bbf82e, org.keycloak.adapters.springsecurity.filter.KeycloakAuthenticationProcessingFilter@7267006e, org.springframework.security.web.authentication.logout.LogoutFilter@38213efa, org.springframework.security.web.savedrequest.RequestCacheAwareFilter@32d8e58d, org.springframework.security.web.servletapi.SecurityContextHolderAwareRequestFilter@943cf5, org.keycloak.adapters.springsecurity.filter.KeycloakSecurityContextRequestFilter@1ac68548, org.keycloak.adapters.springsecurity.filter.KeycloakAuthenticatedActionsFilter@1c3a64b6, org.springframework.security.web.authentication.AnonymousAuthenticationFilter@7f9b851c, org.springframework.security.web.session.SessionManagementFilter@1659d7d, org.springframework.security.web.access.ExceptionTranslationFilter@5b4880b3, org.springframework.security.web.access.intercept.FilterSecurityInterceptor@6dc5e857]
2021-02-26 20:17:21.824  INFO 64622 --- [main] o.s.s.concurrent.ThreadPoolTaskExecutor  : Initializing ExecutorService 'applicationTaskExecutor'
2021-02-26 20:17:22.036  INFO 64622 --- [main] o.s.b.a.e.web.EndpointLinksResolver      : Exposing 1 endpoint(s) beneath base path '/actuator'
2021-02-26 20:17:22.110  INFO 64622 --- [main] o.s.b.w.embedded.tomcat.TomcatWebServer  : Tomcat started on port(s): 8082 (http) with context path ''
2021-02-26 20:17:22.128  INFO 64622 --- [main] n.a.s.ServerManagerApplication           : Started ServerManagerApplication in 3.64 seconds (JVM running for 4.13)
2021-02-26 20:17:22.668  INFO 64622 --- [RMI TCP Connection(5)-127.0.0.1] o.a.c.c.C.[Tomcat].[localhost].[/]       : Initializing Spring DispatcherServlet 'dispatcherServlet'
2021-02-26 20:17:22.669  INFO 64622 --- [RMI TCP Connection(5)-127.0.0.1] o.s.web.servlet.DispatcherServlet        : Initializing Servlet 'dispatcherServlet'
2021-02-26 20:17:22.674  INFO 64622 --- [RMI TCP Connection(5)-127.0.0.1] o.s.web.servlet.DispatcherServlet        : Completed initialization in 5 ms
2021-02-26 20:17:22.678  INFO 64622 --- [RMI TCP Connection(4)-127.0.0.1] c.c.c.ConfigServicePropertySourceLocator : Fetching config from server at : http://localhost:8888
2021-02-26 20:17:22.710  INFO 64622 --- [RMI TCP Connection(4)-127.0.0.1] c.c.c.ConfigServicePropertySourceLocator : Located environment: name=servermanager, profiles=[dev], label=null, version=95191c07f94f8f40f2331ce19b461757aea4c828, state=null
2021-02-26 20:18:12.741  INFO 64622 --- [SpringContextShutdownHook] o.s.s.concurrent.ThreadPoolTaskExecutor  : Shutting down ExecutorService 'applicationTaskExecutor'
2021-02-26 20:18:12.744  INFO 64622 --- [SpringContextShutdownHook] j.LocalContainerEntityManagerFactoryBean : Closing JPA EntityManagerFactory for persistence unit 'default'
2021-02-26 20:18:12.746  INFO 64622 --- [SpringContextShutdownHook] com.zaxxer.hikari.HikariDataSource       : HikariPool-1 - Shutdown initiated...
2021-02-26 20:18:12.753  INFO 64622 --- [SpringContextShutdownHook] com.zaxxer.hikari.HikariDataSource       : HikariPool-1 - Shutdown completed.
2021-02-26 20:18:17.037  INFO 64920 --- [main] n.a.s.ServerManagerApplication           : The following profiles are active: dev
2021-02-26 20:18:17.530  INFO 64920 --- [main] .s.d.r.c.RepositoryConfigurationDelegate : Bootstrapping Spring Data JPA repositories in DEFAULT mode.
2021-02-26 20:18:17.563  INFO 64920 --- [main] .s.d.r.c.RepositoryConfigurationDelegate : Finished Spring Data repository scanning in 28ms. Found 1 JPA repository interfaces.
2021-02-26 20:18:17.706  INFO 64920 --- [main] o.s.cloud.context.scope.GenericScope     : BeanFactory id=ec7c3975-b20a-36d5-b364-eed62bb6e4ae
2021-02-26 20:18:17.811  INFO 64920 --- [main] trationDelegate$BeanPostProcessorChecker : Bean 'org.springframework.security.config.annotation.configuration.ObjectPostProcessorConfiguration' of type [org.springframework.security.config.annotation.configuration.ObjectPostProcessorConfiguration] is not eligible for getting processed by all BeanPostProcessors (for example: not eligible for auto-proxying)
2021-02-26 20:18:17.813  INFO 64920 --- [main] trationDelegate$BeanPostProcessorChecker : Bean 'objectPostProcessor' of type [org.springframework.security.config.annotation.configuration.AutowireBeanFactoryObjectPostProcessor] is not eligible for getting processed by all BeanPostProcessors (for example: not eligible for auto-proxying)
2021-02-26 20:18:17.814  INFO 64920 --- [main] trationDelegate$BeanPostProcessorChecker : Bean 'org.springframework.security.access.expression.method.DefaultMethodSecurityExpressionHandler@3a479fda' of type [org.springframework.security.access.expression.method.DefaultMethodSecurityExpressionHandler] is not eligible for getting processed by all BeanPostProcessors (for example: not eligible for auto-proxying)
2021-02-26 20:18:17.816  INFO 64920 --- [main] trationDelegate$BeanPostProcessorChecker : Bean 'org.springframework.security.config.annotation.method.configuration.GlobalMethodSecurityConfiguration' of type [org.springframework.security.config.annotation.method.configuration.GlobalMethodSecurityConfiguration] is not eligible for getting processed by all BeanPostProcessors (for example: not eligible for auto-proxying)
2021-02-26 20:18:17.818  INFO 64920 --- [main] trationDelegate$BeanPostProcessorChecker : Bean 'org.springframework.security.config.annotation.method.configuration.Jsr250MetadataSourceConfiguration' of type [org.springframework.security.config.annotation.method.configuration.Jsr250MetadataSourceConfiguration] is not eligible for getting processed by all BeanPostProcessors (for example: not eligible for auto-proxying)
2021-02-26 20:18:17.819  INFO 64920 --- [main] trationDelegate$BeanPostProcessorChecker : Bean 'jsr250MethodSecurityMetadataSource' of type [org.springframework.security.access.annotation.Jsr250MethodSecurityMetadataSource] is not eligible for getting processed by all BeanPostProcessors (for example: not eligible for auto-proxying)
2021-02-26 20:18:17.820  INFO 64920 --- [main] trationDelegate$BeanPostProcessorChecker : Bean 'methodSecurityMetadataSource' of type [org.springframework.security.access.method.DelegatingMethodSecurityMetadataSource] is not eligible for getting processed by all BeanPostProcessors (for example: not eligible for auto-proxying)
2021-02-26 20:18:18.009  INFO 64920 --- [main] o.s.b.w.embedded.tomcat.TomcatWebServer  : Tomcat initialized with port(s): 8082 (http)
2021-02-26 20:18:18.014  INFO 64920 --- [main] o.apache.catalina.core.StandardService   : Starting service [Tomcat]
2021-02-26 20:18:18.015  INFO 64920 --- [main] org.apache.catalina.core.StandardEngine  : Starting Servlet engine: [Apache Tomcat/9.0.31]
2021-02-26 20:18:18.077  INFO 64920 --- [main] o.a.c.c.C.[Tomcat].[localhost].[/]       : Initializing Spring embedded WebApplicationContext
2021-02-26 20:18:18.077  INFO 64920 --- [main] o.s.web.context.ContextLoader            : Root WebApplicationContext: initialization completed in 1032 ms
2021-02-26 20:18:18.318  WARN 64920 --- [main] JpaBaseConfiguration$JpaWebConfiguration : spring.jpa.open-in-view is enabled by default. Therefore, database queries may be performed during view rendering. Explicitly configure spring.jpa.open-in-view to disable this warning
2021-02-26 20:18:18.372  INFO 64920 --- [main] o.hibernate.jpa.internal.util.LogHelper  : HHH000204: Processing PersistenceUnitInfo [name: default]
2021-02-26 20:18:18.407  INFO 64920 --- [main] org.hibernate.Version                    : HHH000412: Hibernate ORM core version 5.4.12.Final
2021-02-26 20:18:18.462  INFO 64920 --- [main] o.hibernate.annotations.common.Version   : HCANN000001: Hibernate Commons Annotations {5.1.0.Final}
2021-02-26 20:18:18.510  INFO 64920 --- [main] com.zaxxer.hikari.HikariDataSource       : HikariPool-1 - Starting...
2021-02-26 20:18:18.729  INFO 64920 --- [main] com.zaxxer.hikari.HikariDataSource       : HikariPool-1 - Start completed.
2021-02-26 20:18:18.740  INFO 64920 --- [main] org.hibernate.dialect.Dialect            : HHH000400: Using dialect: org.hibernate.dialect.MySQL8Dialect
2021-02-26 20:18:19.134  INFO 64920 --- [main] o.h.e.t.j.p.i.JtaPlatformInitiator       : HHH000490: Using JtaPlatform implementation: [org.hibernate.engine.transaction.jta.platform.internal.NoJtaPlatform]
2021-02-26 20:18:19.138  INFO 64920 --- [main] j.LocalContainerEntityManagerFactoryBean : Initialized JPA EntityManagerFactory for persistence unit 'default'
2021-02-26 20:18:19.513  INFO 64920 --- [main] o.s.s.web.DefaultSecurityFilterChain     : Creating filter chain: any request, [org.springframework.security.web.context.request.async.WebAsyncManagerIntegrationFilter@c3c63c1, org.springframework.security.web.context.SecurityContextPersistenceFilter@7ca8f5d7, org.springframework.security.web.header.HeaderWriterFilter@6cd65042, org.keycloak.adapters.springsecurity.filter.KeycloakPreAuthActionsFilter@43cc7951, org.keycloak.adapters.springsecurity.filter.KeycloakAuthenticationProcessingFilter@7ce760af, org.springframework.security.web.authentication.logout.LogoutFilter@7945986a, org.springframework.security.web.savedrequest.RequestCacheAwareFilter@1690929, org.springframework.security.web.servletapi.SecurityContextHolderAwareRequestFilter@436d2bb9, org.keycloak.adapters.springsecurity.filter.KeycloakSecurityContextRequestFilter@446981a4, org.keycloak.adapters.springsecurity.filter.KeycloakAuthenticatedActionsFilter@644f6e89, org.springframework.security.web.authentication.AnonymousAuthenticationFilter@5e75cf7a, org.springframework.security.web.session.SessionManagementFilter@4b5ceb5d, org.springframework.security.web.access.ExceptionTranslationFilter@46df794e, org.springframework.security.web.access.intercept.FilterSecurityInterceptor@3751baf6]
2021-02-26 20:18:19.574  INFO 64920 --- [main] o.s.s.concurrent.ThreadPoolTaskExecutor  : Initializing ExecutorService 'applicationTaskExecutor'
2021-02-26 20:18:19.789  INFO 64920 --- [main] o.s.b.a.e.web.EndpointLinksResolver      : Exposing 1 endpoint(s) beneath base path '/actuator'
2021-02-26 20:18:19.858  INFO 64920 --- [main] o.s.b.w.embedded.tomcat.TomcatWebServer  : Tomcat started on port(s): 8082 (http) with context path ''
2021-02-26 20:18:19.876  INFO 64920 --- [main] n.a.s.ServerManagerApplication           : Started ServerManagerApplication in 3.839 seconds (JVM running for 4.356)
2021-02-26 20:18:20.328  INFO 64920 --- [RMI TCP Connection(3)-127.0.0.1] o.a.c.c.C.[Tomcat].[localhost].[/]       : Initializing Spring DispatcherServlet 'dispatcherServlet'
2021-02-26 20:18:20.328  INFO 64920 --- [RMI TCP Connection(3)-127.0.0.1] o.s.web.servlet.DispatcherServlet        : Initializing Servlet 'dispatcherServlet'
2021-02-26 20:18:20.333  INFO 64920 --- [RMI TCP Connection(3)-127.0.0.1] o.s.web.servlet.DispatcherServlet        : Completed initialization in 5 ms
2021-02-26 20:18:20.343  INFO 64920 --- [RMI TCP Connection(2)-127.0.0.1] c.c.c.ConfigServicePropertySourceLocator : Fetching config from server at : http://localhost:8888
2021-02-26 20:18:20.376  INFO 64920 --- [RMI TCP Connection(2)-127.0.0.1] c.c.c.ConfigServicePropertySourceLocator : Located environment: name=servermanager, profiles=[dev], label=null, version=95191c07f94f8f40f2331ce19b461757aea4c828, state=null
2021-02-26 20:25:27.638  INFO 64920 --- [SpringContextShutdownHook] o.s.s.concurrent.ThreadPoolTaskExecutor  : Shutting down ExecutorService 'applicationTaskExecutor'
2021-02-26 20:25:27.643  INFO 64920 --- [SpringContextShutdownHook] j.LocalContainerEntityManagerFactoryBean : Closing JPA EntityManagerFactory for persistence unit 'default'
2021-02-26 20:25:27.649  INFO 64920 --- [SpringContextShutdownHook] com.zaxxer.hikari.HikariDataSource       : HikariPool-1 - Shutdown initiated...
2021-02-26 20:25:27.686  INFO 64920 --- [SpringContextShutdownHook] com.zaxxer.hikari.HikariDataSource       : HikariPool-1 - Shutdown completed.
